[2023-01-17T23:08:02.560+0000] {taskinstance.py:1087} INFO - Dependencies all met for <TaskInstance: oetker.task_end scheduled__2023-01-16T23:07:37.134271+00:00 [queued]>
[2023-01-17T23:08:02.593+0000] {taskinstance.py:1087} INFO - Dependencies all met for <TaskInstance: oetker.task_end scheduled__2023-01-16T23:07:37.134271+00:00 [queued]>
[2023-01-17T23:08:02.595+0000] {taskinstance.py:1283} INFO - 
--------------------------------------------------------------------------------
[2023-01-17T23:08:02.597+0000] {taskinstance.py:1284} INFO - Starting attempt 1 of 1
[2023-01-17T23:08:02.599+0000] {taskinstance.py:1285} INFO - 
--------------------------------------------------------------------------------
[2023-01-17T23:08:02.635+0000] {taskinstance.py:1304} INFO - Executing <Task(_PythonDecoratedOperator): task_end> on 2023-01-16 23:07:37.134271+00:00
[2023-01-17T23:08:02.644+0000] {standard_task_runner.py:55} INFO - Started process 503 to run task
[2023-01-17T23:08:02.652+0000] {standard_task_runner.py:82} INFO - Running: ['***', 'tasks', 'run', 'oetker', 'task_end', 'scheduled__2023-01-16T23:07:37.134271+00:00', '--job-id', '73', '--raw', '--subdir', 'DAGS_FOLDER/oetker/oetker.py', '--cfg-path', '/tmp/tmp4nhknsr5']
[2023-01-17T23:08:02.656+0000] {standard_task_runner.py:83} INFO - Job 73: Subtask task_end
[2023-01-17T23:08:02.798+0000] {task_command.py:389} INFO - Running <TaskInstance: oetker.task_end scheduled__2023-01-16T23:07:37.134271+00:00 [running]> on host 876fdb6abbd4
[2023-01-17T23:08:02.931+0000] {taskinstance.py:1513} INFO - Exporting the following env vars:
AIRFLOW_CTX_DAG_OWNER=***
AIRFLOW_CTX_DAG_ID=oetker
AIRFLOW_CTX_TASK_ID=task_end
AIRFLOW_CTX_EXECUTION_DATE=2023-01-16T23:07:37.134271+00:00
AIRFLOW_CTX_TRY_NUMBER=1
AIRFLOW_CTX_DAG_RUN_ID=scheduled__2023-01-16T23:07:37.134271+00:00
[2023-01-17T23:08:02.935+0000] {logging_mixin.py:137} INFO - [ Task_End  ]
[2023-01-17T23:08:02.937+0000] {python.py:177} INFO - Done. Returned value was: None
[2023-01-17T23:08:02.955+0000] {taskinstance.py:1327} INFO - Marking task as SUCCESS. dag_id=oetker, task_id=task_end, execution_date=20230116T230737, start_date=20230117T230802, end_date=20230117T230802
[2023-01-17T23:08:03.031+0000] {local_task_job.py:159} INFO - Task exited with return code 0
[2023-01-17T23:08:03.058+0000] {taskinstance.py:2582} INFO - 0 downstream tasks scheduled from follow-on schedule check
