[2023-01-17T23:15:11.598+0000] {taskinstance.py:1087} INFO - Dependencies all met for <TaskInstance: oetker.download_data_set scheduled__2023-01-16T23:07:37.134271+00:00 [queued]>
[2023-01-17T23:15:11.615+0000] {taskinstance.py:1087} INFO - Dependencies all met for <TaskInstance: oetker.download_data_set scheduled__2023-01-16T23:07:37.134271+00:00 [queued]>
[2023-01-17T23:15:11.617+0000] {taskinstance.py:1283} INFO - 
--------------------------------------------------------------------------------
[2023-01-17T23:15:11.618+0000] {taskinstance.py:1284} INFO - Starting attempt 1 of 1
[2023-01-17T23:15:11.619+0000] {taskinstance.py:1285} INFO - 
--------------------------------------------------------------------------------
[2023-01-17T23:15:11.649+0000] {taskinstance.py:1304} INFO - Executing <Task(_PythonDecoratedOperator): download_data_set> on 2023-01-16 23:07:37.134271+00:00
[2023-01-17T23:15:11.655+0000] {standard_task_runner.py:55} INFO - Started process 957 to run task
[2023-01-17T23:15:11.663+0000] {standard_task_runner.py:82} INFO - Running: ['***', 'tasks', 'run', 'oetker', 'download_data_set', 'scheduled__2023-01-16T23:07:37.134271+00:00', '--job-id', '75', '--raw', '--subdir', 'DAGS_FOLDER/oetker/oetker.py', '--cfg-path', '/tmp/tmpdaaje_nz']
[2023-01-17T23:15:11.665+0000] {standard_task_runner.py:83} INFO - Job 75: Subtask download_data_set
[2023-01-17T23:15:11.757+0000] {task_command.py:389} INFO - Running <TaskInstance: oetker.download_data_set scheduled__2023-01-16T23:07:37.134271+00:00 [running]> on host 876fdb6abbd4
[2023-01-17T23:15:11.859+0000] {taskinstance.py:1513} INFO - Exporting the following env vars:
AIRFLOW_CTX_DAG_OWNER=***
AIRFLOW_CTX_DAG_ID=oetker
AIRFLOW_CTX_TASK_ID=download_data_set
AIRFLOW_CTX_EXECUTION_DATE=2023-01-16T23:07:37.134271+00:00
AIRFLOW_CTX_TRY_NUMBER=1
AIRFLOW_CTX_DAG_RUN_ID=scheduled__2023-01-16T23:07:37.134271+00:00
[2023-01-17T23:15:12.793+0000] {python.py:177} INFO - Done. Returned value was: None
[2023-01-17T23:15:12.805+0000] {taskinstance.py:1327} INFO - Marking task as SUCCESS. dag_id=oetker, task_id=download_data_set, execution_date=20230116T230737, start_date=20230117T231511, end_date=20230117T231512
[2023-01-17T23:15:12.844+0000] {local_task_job.py:159} INFO - Task exited with return code 0
[2023-01-17T23:15:12.870+0000] {taskinstance.py:2582} INFO - 1 downstream tasks scheduled from follow-on schedule check
