[2023-01-17T23:21:10.351+0000] {taskinstance.py:1087} INFO - Dependencies all met for <TaskInstance: oetker.download_data_set scheduled__2023-01-16T23:07:37.134271+00:00 [queued]>
[2023-01-17T23:21:10.361+0000] {taskinstance.py:1087} INFO - Dependencies all met for <TaskInstance: oetker.download_data_set scheduled__2023-01-16T23:07:37.134271+00:00 [queued]>
[2023-01-17T23:21:10.362+0000] {taskinstance.py:1283} INFO - 
--------------------------------------------------------------------------------
[2023-01-17T23:21:10.363+0000] {taskinstance.py:1284} INFO - Starting attempt 4 of 4
[2023-01-17T23:21:10.364+0000] {taskinstance.py:1285} INFO - 
--------------------------------------------------------------------------------
[2023-01-17T23:21:10.379+0000] {taskinstance.py:1304} INFO - Executing <Task(_PythonDecoratedOperator): download_data_set> on 2023-01-16 23:07:37.134271+00:00
[2023-01-17T23:21:10.385+0000] {standard_task_runner.py:55} INFO - Started process 1349 to run task
[2023-01-17T23:21:10.389+0000] {standard_task_runner.py:82} INFO - Running: ['***', 'tasks', 'run', 'oetker', 'download_data_set', 'scheduled__2023-01-16T23:07:37.134271+00:00', '--job-id', '82', '--raw', '--subdir', 'DAGS_FOLDER/oetker/oetker.py', '--cfg-path', '/tmp/tmpz3q8605e']
[2023-01-17T23:21:10.390+0000] {standard_task_runner.py:83} INFO - Job 82: Subtask download_data_set
[2023-01-17T23:21:10.459+0000] {task_command.py:389} INFO - Running <TaskInstance: oetker.download_data_set scheduled__2023-01-16T23:07:37.134271+00:00 [running]> on host 876fdb6abbd4
[2023-01-17T23:21:10.527+0000] {taskinstance.py:1513} INFO - Exporting the following env vars:
AIRFLOW_CTX_DAG_OWNER=***
AIRFLOW_CTX_DAG_ID=oetker
AIRFLOW_CTX_TASK_ID=download_data_set
AIRFLOW_CTX_EXECUTION_DATE=2023-01-16T23:07:37.134271+00:00
AIRFLOW_CTX_TRY_NUMBER=4
AIRFLOW_CTX_DAG_RUN_ID=scheduled__2023-01-16T23:07:37.134271+00:00
[2023-01-17T23:21:10.860+0000] {oetker.py:45} ERROR - /home/***/response.json
[2023-01-17T23:21:10.862+0000] {python.py:177} INFO - Done. Returned value was: None
[2023-01-17T23:21:10.887+0000] {taskinstance.py:1327} INFO - Marking task as SUCCESS. dag_id=oetker, task_id=download_data_set, execution_date=20230116T230737, start_date=20230117T232110, end_date=20230117T232110
[2023-01-17T23:21:10.963+0000] {local_task_job.py:159} INFO - Task exited with return code 0
[2023-01-17T23:21:11.006+0000] {taskinstance.py:2582} INFO - 1 downstream tasks scheduled from follow-on schedule check
